# JRE version: OpenJDK Runtime Environment (17.0.9) (build 17.0.9+0--11185874)
# Java VM: OpenJDK 64-Bit Server VM (17.0.9+0--11185874, mixed mode, tiered, compressed oops, compressed class ptrs, g1 gc, windows-amd64)
GC Precious Log:
 CPUs: 12 total, 12 available
 Memory: 16069M
 Large Page Support: Disabled
 NUMA Support: Disabled
 Compressed Oops: Enabled (32-bit)
 Heap Region Size: 1M
 Heap Min Capacity: 8M
 Heap Initial Capacity: 252M
 Heap Max Capacity: 2G
 Pre-touch: Disabled
 Parallel Workers: 10
 Concurrent Workers: 3
 Concurrent Refinement Workers: 10
 Periodic GC: Disabled
Heap:
 garbage-first heap   total 258048K, used 98623K [0x0000000080000000, 0x0000000100000000)
  region size 1024K, 1 young (1024K), 1 survivors (1024K)
 Metaspace       used 99028K, committed 99776K, reserved 1179648K
  class space    used 13770K, committed 14144K, reserved 1048576K
GC Heap History (20 events):
Event: 9.666 GC heap after
{Heap after GC invocations=23 (full 0):
 garbage-first heap   total 151552K, used 71249K [0x0000000080000000, 0x0000000100000000)
  region size 1024K, 7 young (7168K), 7 survivors (7168K)
 Metaspace       used 90361K, committed 91072K, reserved 1179648K
  class space    used 12610K, committed 12928K, reserved 1048576K
}
Event: 10.162 GC heap before
{Heap before GC invocations=23 (full 0):
 garbage-first heap   total 151552K, used 123473K [0x0000000080000000, 0x0000000100000000)
  region size 1024K, 59 young (60416K), 7 survivors (7168K)
 Metaspace       used 92618K, committed 93376K, reserved 1179648K
  class space    used 13090K, committed 13440K, reserved 1048576K
}
Event: 10.169 GC heap after
{Heap after GC invocations=24 (full 0):
 garbage-first heap   total 151552K, used 75612K [0x0000000080000000, 0x0000000100000000)
  region size 1024K, 8 young (8192K), 8 survivors (8192K)
 Metaspace       used 92618K, committed 93376K, reserved 1179648K
  class space    used 13090K, committed 13440K, reserved 1048576K
}
Event: 10.349 GC heap before
{Heap before GC invocations=24 (full 0):
 garbage-first heap   total 151552K, used 87900K [0x0000000080000000, 0x0000000100000000)
  region size 1024K, 22 young (22528K), 8 survivors (8192K)
 Metaspace       used 92917K, committed 93632K, reserved 1179648K
  class space    used 13136K, committed 13504K, reserved 1048576K
}
Event: 10.354 GC heap after
{Heap after GC invocations=25 (full 0):
 garbage-first heap   total 151552K, used 77596K [0x0000000080000000, 0x0000000100000000)
  region size 1024K, 3 young (3072K), 3 survivors (3072K)
 Metaspace       used 92917K, committed 93632K, reserved 1179648K
  class space    used 13136K, committed 13504K, reserved 1048576K
}
Event: 10.847 GC heap before
{Heap before GC invocations=26 (full 0):
 garbage-first heap   total 151552K, used 130844K [0x0000000080000000, 0x0000000100000000)
  region size 1024K, 49 young (50176K), 3 survivors (3072K)
 Metaspace       used 95833K, committed 96576K, reserved 1179648K
  class space    used 13412K, committed 13824K, reserved 1048576K
}
Event: 10.855 GC heap after
{Heap after GC invocations=27 (full 0):
 garbage-first heap   total 151552K, used 93097K [0x0000000080000000, 0x0000000100000000)
  region size 1024K, 7 young (7168K), 7 survivors (7168K)
 Metaspace       used 95833K, committed 96576K, reserved 1179648K
  class space    used 13412K, committed 13824K, reserved 1048576K
}
Event: 10.859 GC heap before
{Heap before GC invocations=27 (full 0):
 garbage-first heap   total 151552K, used 94121K [0x0000000080000000, 0x0000000100000000)
  region size 1024K, 8 young (8192K), 7 survivors (7168K)
 Metaspace       used 95841K, committed 96640K, reserved 1179648K
  class space    used 13413K, committed 13824K, reserved 1048576K
}
Event: 10.863 GC heap after
{Heap after GC invocations=28 (full 0):
 garbage-first heap   total 182272K, used 94185K [0x0000000080000000, 0x0000000100000000)
  region size 1024K, 1 young (1024K), 1 survivors (1024K)
 Metaspace       used 95841K, committed 96640K, reserved 1179648K
  class space    used 13413K, committed 13824K, reserved 1048576K
}
Event: 10.994 GC heap before
{Heap before GC invocations=28 (full 0):
 garbage-first heap   total 182272K, used 108521K [0x0000000080000000, 0x0000000100000000)
  region size 1024K, 16 young (16384K), 1 survivors (1024K)
 Metaspace       used 96086K, committed 96832K, reserved 1179648K
  class space    used 13431K, committed 13824K, reserved 1048576K
}
Event: 11.000 GC heap after
{Heap after GC invocations=29 (full 0):
 garbage-first heap   total 182272K, used 104242K [0x0000000080000000, 0x0000000100000000)
  region size 1024K, 6 young (6144K), 6 survivors (6144K)
 Metaspace       used 96086K, committed 96832K, reserved 1179648K
  class space    used 13431K, committed 13824K, reserved 1048576K
}
Event: 11.282 GC heap before
{Heap before GC invocations=30 (full 0):
 garbage-first heap   total 199680K, used 178994K [0x0000000080000000, 0x0000000100000000)
  region size 1024K, 24 young (24576K), 6 survivors (6144K)
 Metaspace       used 97354K, committed 98112K, reserved 1179648K
  class space    used 13586K, committed 13952K, reserved 1048576K
}
Event: 11.287 GC heap after
{Heap after GC invocations=31 (full 0):
 garbage-first heap   total 199680K, used 110873K [0x0000000080000000, 0x0000000100000000)
  region size 1024K, 2 young (2048K), 2 survivors (2048K)
 Metaspace       used 97354K, committed 98112K, reserved 1179648K
  class space    used 13586K, committed 13952K, reserved 1048576K
}
Event: 11.406 GC heap before
{Heap before GC invocations=31 (full 0):
 garbage-first heap   total 199680K, used 149785K [0x0000000080000000, 0x0000000100000000)
  region size 1024K, 9 young (9216K), 2 survivors (2048K)
 Metaspace       used 97684K, committed 98496K, reserved 1179648K
  class space    used 13623K, committed 14016K, reserved 1048576K
}
Event: 11.408 GC heap after
{Heap after GC invocations=32 (full 0):
 garbage-first heap   total 199680K, used 103750K [0x0000000080000000, 0x0000000100000000)
  region size 1024K, 2 young (2048K), 2 survivors (2048K)
 Metaspace       used 97684K, committed 98496K, reserved 1179648K
  class space    used 13623K, committed 14016K, reserved 1048576K
}
Event: 11.606 GC heap before
{Heap before GC invocations=32 (full 0):
 garbage-first heap   total 199680K, used 140614K [0x0000000080000000, 0x0000000100000000)
  region size 1024K, 39 young (39936K), 2 survivors (2048K)
 Metaspace       used 98396K, committed 99136K, reserved 1179648K
  class space    used 13708K, committed 14080K, reserved 1048576K
}
Event: 11.609 GC heap after
{Heap after GC invocations=33 (full 0):
 garbage-first heap   total 199680K, used 105935K [0x0000000080000000, 0x0000000100000000)
  region size 1024K, 4 young (4096K), 4 survivors (4096K)
 Metaspace       used 98396K, committed 99136K, reserved 1179648K
  class space    used 13708K, committed 14080K, reserved 1048576K
}
Event: 11.821 GC heap before
{Heap before GC invocations=34 (full 0):
 garbage-first heap   total 199680K, used 145871K [0x0000000080000000, 0x0000000100000000)
  region size 1024K, 44 young (45056K), 4 survivors (4096K)
 Metaspace       used 99018K, committed 99776K, reserved 1179648K
  class space    used 13769K, committed 14144K, reserved 1048576K
}
Event: 11.825 GC heap after
{Heap after GC invocations=35 (full 0):
 garbage-first heap   total 199680K, used 109279K [0x0000000080000000, 0x0000000100000000)
  region size 1024K, 6 young (6144K), 6 survivors (6144K)
 Metaspace       used 99018K, committed 99776K, reserved 1179648K
  class space    used 13769K, committed 14144K, reserved 1048576K
}
Event: 11.833 GC heap before
{Heap before GC invocations=35 (full 0):
 garbage-first heap   total 199680K, used 111327K [0x0000000080000000, 0x0000000100000000)
  region size 1024K, 9 young (9216K), 6 survivors (6144K)
 Metaspace       used 99028K, committed 99776K, reserved 1179648K
  class space    used 13770K, committed 14144K, reserved 1048576K
}

