# JRE version: OpenJDK Runtime Environment (17.0.9) (build 17.0.9+0--11185874)
# Java VM: OpenJDK 64-Bit Server VM (17.0.9+0--11185874, mixed mode, tiered, compressed oops, compressed class ptrs, g1 gc, windows-amd64)
GC Precious Log:
 CPUs: 12 total, 12 available
 Memory: 16069M
 Large Page Support: Disabled
 NUMA Support: Disabled
 Compressed Oops: Enabled (32-bit)
 Heap Region Size: 1M
 Heap Min Capacity: 8M
 Heap Initial Capacity: 252M
 Heap Max Capacity: 2G
 Pre-touch: Disabled
 Parallel Workers: 10
 Concurrent Workers: 3
 Concurrent Refinement Workers: 10
 Periodic GC: Disabled
Heap:
 garbage-first heap   total 222208K, used 152190K [0x0000000080000000, 0x0000000100000000)
  region size 1024K, 61 young (62464K), 13 survivors (13312K)
 Metaspace       used 108065K, committed 108864K, reserved 1179648K
  class space    used 14891K, committed 15296K, reserved 1048576K
GC Heap History (20 events):
Event: 6.612 GC heap before
{Heap before GC invocations=24 (full 0):
 garbage-first heap   total 131072K, used 94201K [0x0000000080000000, 0x0000000100000000)
  region size 1024K, 39 young (39936K), 4 survivors (4096K)
 Metaspace       used 70978K, committed 71552K, reserved 1114112K
  class space    used 9700K, committed 9984K, reserved 1048576K
}
Event: 6.615 GC heap after
{Heap after GC invocations=25 (full 0):
 garbage-first heap   total 131072K, used 59204K [0x0000000080000000, 0x0000000100000000)
  region size 1024K, 5 young (5120K), 5 survivors (5120K)
 Metaspace       used 70978K, committed 71552K, reserved 1114112K
  class space    used 9700K, committed 9984K, reserved 1048576K
}
Event: 6.886 GC heap before
{Heap before GC invocations=25 (full 0):
 garbage-first heap   total 131072K, used 96068K [0x0000000080000000, 0x0000000100000000)
  region size 1024K, 41 young (41984K), 5 survivors (5120K)
 Metaspace       used 74401K, committed 75072K, reserved 1114112K
  class space    used 10142K, committed 10432K, reserved 1048576K
}
Event: 6.889 GC heap after
{Heap after GC invocations=26 (full 0):
 garbage-first heap   total 131072K, used 61319K [0x0000000080000000, 0x0000000100000000)
  region size 1024K, 4 young (4096K), 4 survivors (4096K)
 Metaspace       used 74401K, committed 75072K, reserved 1114112K
  class space    used 10142K, committed 10432K, reserved 1048576K
}
Event: 7.155 GC heap before
{Heap before GC invocations=26 (full 0):
 garbage-first heap   total 131072K, used 100231K [0x0000000080000000, 0x0000000100000000)
  region size 1024K, 42 young (43008K), 4 survivors (4096K)
 Metaspace       used 77044K, committed 77632K, reserved 1179648K
  class space    used 10512K, committed 10816K, reserved 1048576K
}
Event: 7.163 GC heap after
{Heap after GC invocations=27 (full 0):
 garbage-first heap   total 131072K, used 62608K [0x0000000080000000, 0x0000000100000000)
  region size 1024K, 4 young (4096K), 4 survivors (4096K)
 Metaspace       used 77044K, committed 77632K, reserved 1179648K
  class space    used 10512K, committed 10816K, reserved 1048576K
}
Event: 7.572 GC heap before
{Heap before GC invocations=27 (full 0):
 garbage-first heap   total 131072K, used 101520K [0x0000000080000000, 0x0000000100000000)
  region size 1024K, 42 young (43008K), 4 survivors (4096K)
 Metaspace       used 79936K, committed 80512K, reserved 1179648K
  class space    used 11098K, committed 11392K, reserved 1048576K
}
Event: 7.576 GC heap after
{Heap after GC invocations=28 (full 0):
 garbage-first heap   total 262144K, used 63799K [0x0000000080000000, 0x0000000100000000)
  region size 1024K, 5 young (5120K), 5 survivors (5120K)
 Metaspace       used 79936K, committed 80512K, reserved 1179648K
  class space    used 11098K, committed 11392K, reserved 1048576K
}
Event: 8.784 GC heap before
{Heap before GC invocations=29 (full 0):
 garbage-first heap   total 222208K, used 190775K [0x0000000080000000, 0x0000000100000000)
  region size 1024K, 130 young (133120K), 5 survivors (5120K)
 Metaspace       used 90120K, committed 90816K, reserved 1179648K
  class space    used 12604K, committed 12928K, reserved 1048576K
}
Event: 8.795 GC heap after
{Heap after GC invocations=30 (full 0):
 garbage-first heap   total 222208K, used 69894K [0x0000000080000000, 0x0000000100000000)
  region size 1024K, 12 young (12288K), 12 survivors (12288K)
 Metaspace       used 90120K, committed 90816K, reserved 1179648K
  class space    used 12604K, committed 12928K, reserved 1048576K
}
Event: 8.818 GC heap before
{Heap before GC invocations=30 (full 0):
 garbage-first heap   total 222208K, used 70918K [0x0000000080000000, 0x0000000100000000)
  region size 1024K, 13 young (13312K), 12 survivors (12288K)
 Metaspace       used 90207K, committed 90944K, reserved 1179648K
  class space    used 12615K, committed 12992K, reserved 1048576K
}
Event: 8.823 GC heap after
{Heap after GC invocations=31 (full 0):
 garbage-first heap   total 222208K, used 71137K [0x0000000080000000, 0x0000000100000000)
  region size 1024K, 2 young (2048K), 2 survivors (2048K)
 Metaspace       used 90207K, committed 90944K, reserved 1179648K
  class space    used 12615K, committed 12992K, reserved 1048576K
}
Event: 9.557 GC heap before
{Heap before GC invocations=31 (full 0):
 garbage-first heap   total 222208K, used 172513K [0x0000000080000000, 0x0000000100000000)
  region size 1024K, 102 young (104448K), 2 survivors (2048K)
 Metaspace       used 92885K, committed 93632K, reserved 1179648K
  class space    used 13134K, committed 13504K, reserved 1048576K
}
Event: 9.563 GC heap after
{Heap after GC invocations=32 (full 0):
 garbage-first heap   total 222208K, used 76789K [0x0000000080000000, 0x0000000100000000)
  region size 1024K, 8 young (8192K), 8 survivors (8192K)
 Metaspace       used 92885K, committed 93632K, reserved 1179648K
  class space    used 13134K, committed 13504K, reserved 1048576K
}
Event: 10.027 GC heap before
{Heap before GC invocations=32 (full 0):
 garbage-first heap   total 222208K, used 178165K [0x0000000080000000, 0x0000000100000000)
  region size 1024K, 103 young (105472K), 8 survivors (8192K)
 Metaspace       used 95284K, committed 96064K, reserved 1179648K
  class space    used 13354K, committed 13760K, reserved 1048576K
}
Event: 10.034 GC heap after
{Heap after GC invocations=33 (full 0):
 garbage-first heap   total 222208K, used 83541K [0x0000000080000000, 0x0000000100000000)
  region size 1024K, 7 young (7168K), 7 survivors (7168K)
 Metaspace       used 95284K, committed 96064K, reserved 1179648K
  class space    used 13354K, committed 13760K, reserved 1048576K
}
Event: 12.359 GC heap before
{Heap before GC invocations=33 (full 0):
 garbage-first heap   total 222208K, used 175701K [0x0000000080000000, 0x0000000100000000)
  region size 1024K, 98 young (100352K), 7 survivors (7168K)
 Metaspace       used 98223K, committed 99008K, reserved 1179648K
  class space    used 13732K, committed 14080K, reserved 1048576K
}
Event: 12.374 GC heap after
{Heap after GC invocations=34 (full 0):
 garbage-first heap   total 222208K, used 89883K [0x0000000080000000, 0x0000000100000000)
  region size 1024K, 13 young (13312K), 13 survivors (13312K)
 Metaspace       used 98223K, committed 99008K, reserved 1179648K
  class space    used 13732K, committed 14080K, reserved 1048576K
}
Event: 13.430 GC heap before
{Heap before GC invocations=34 (full 0):
 garbage-first heap   total 222208K, used 178971K [0x0000000080000000, 0x0000000100000000)
  region size 1024K, 99 young (101376K), 13 survivors (13312K)
 Metaspace       used 107070K, committed 107840K, reserved 1179648K
  class space    used 14836K, committed 15232K, reserved 1048576K
}
Event: 13.441 GC heap after
{Heap after GC invocations=35 (full 0):
 garbage-first heap   total 222208K, used 104062K [0x0000000080000000, 0x0000000100000000)
  region size 1024K, 13 young (13312K), 13 survivors (13312K)
 Metaspace       used 107070K, committed 107840K, reserved 1179648K
  class space    used 14836K, committed 15232K, reserved 1048576K
}

